<?xml version="1.0" encoding="UTF-8"?>
<!-- Generated by org.testng.reporters.JUnitXMLReporter -->
<testsuite ignored="5" hostname="DESKTOP-JCJ8HOK" failures="1" tests="2" name="Test" time="27.061" errors="0" timestamp="11 Aug 2022 13:30:55 GMT">
  <testcase classname="testbase.BaseTest" name="@BeforeMethod beforeMethod" time="0.003">
    <skipped/>
  </testcase> <!-- @BeforeMethod beforeMethod -->
  <testcase classname="testcases.Session" name="doLogin" time="24.909">
    <failure type="java.lang.AssertionError" message="The following asserts failed:
	Test is incorrect...">
      <![CDATA[java.lang.AssertionError: The following asserts failed:
Test is incorrect...
at keywords.GenericKeywords.assertAll(GenericKeywords.java:166)
at keywords.GenericKeywords.reportFailure(GenericKeywords.java:160)
at testcases.Session.doLogin(Session.java:20)
... Removed 26 stack frames]]>
    </failure>
  </testcase> <!-- doLogin -->
  <testcase classname="testcases.PortifolioManagement" name="createProtifolio" time="0.0">
    <skipped/>
  </testcase> <!-- createProtifolio -->
  <testcase classname="testbase.BaseTest" name="@BeforeTest beforeTest" time="0.0">
    <ignored/>
  </testcase> <!-- @BeforeTest beforeTest -->
  <testcase classname="testcases.Session" name="doLogout" time="0.0">
    <ignored/>
  </testcase> <!-- doLogout -->
  <testcase classname="testbase.BaseTest" name="@AfterTest quit" time="0.0">
    <ignored/>
  </testcase> <!-- @AfterTest quit -->
  <testcase classname="testcases.PortifolioManagement" name="modifyProtifolio" time="0.0">
    <ignored/>
  </testcase> <!-- modifyProtifolio -->
  <testcase classname="testcases.PortifolioManagement" name="deleteProtifolio" time="0.0">
    <ignored/>
  </testcase> <!-- deleteProtifolio -->
</testsuite> <!-- Test -->
